This is pdfTeX, Version 3.1415926-2.3-1.40.12 (TeX Live 2011) (format=pdflatex 2011.7.3)  26 JUN 2014 10:47
entering extended mode
 restricted \write18 enabled.
 %&-line parsing enabled.
**HIVBackCalc_full_report.tex
(./HIVBackCalc_full_report.tex
LaTeX2e <2009/09/24>
Babel <v3.8l> and hyphenation patterns for english, dumylang, nohyphenation, ge
rman-x-2009-06-19, ngerman-x-2009-06-19, afrikaans, ancientgreek, ibycus, arabi
c, armenian, basque, bulgarian, catalan, pinyin, coptic, croatian, czech, danis
h, dutch, ukenglish, usenglishmax, esperanto, estonian, ethiopic, farsi, finnis
h, french, galician, german, ngerman, swissgerman, monogreek, greek, hungarian,
 icelandic, assamese, bengali, gujarati, hindi, kannada, malayalam, marathi, or
iya, panjabi, tamil, telugu, indonesian, interlingua, irish, italian, kurmanji,
 lao, latin, latvian, lithuanian, mongolian, mongolianlmc, bokmal, nynorsk, pol
ish, portuguese, romanian, russian, sanskrit, serbian, serbianc, slovak, sloven
ian, spanish, swedish, turkish, turkmen, ukrainian, uppersorbian, welsh, loaded
.
(/usr/local/texlive/2011/texmf-dist/tex/latex/base/article.cls
Document Class: article 2007/10/19 v1.4h Standard LaTeX document class
(/usr/local/texlive/2011/texmf-dist/tex/latex/base/size10.clo
File: size10.clo 2007/10/19 v1.4h Standard LaTeX file (size option)
)
\c@part=\count79
\c@section=\count80
\c@subsection=\count81
\c@subsubsection=\count82
\c@paragraph=\count83
\c@subparagraph=\count84
\c@figure=\count85
\c@table=\count86
\abovecaptionskip=\skip41
\belowcaptionskip=\skip42
\bibindent=\dimen102
)
(/usr/local/texlive/2011/texmf-dist/tex/latex/graphics/graphicx.sty
Package: graphicx 1999/02/16 v1.0f Enhanced LaTeX Graphics (DPC,SPQR)

(/usr/local/texlive/2011/texmf-dist/tex/latex/graphics/keyval.sty
Package: keyval 1999/03/16 v1.13 key=value parser (DPC)
\KV@toks@=\toks14
)
(/usr/local/texlive/2011/texmf-dist/tex/latex/graphics/graphics.sty
Package: graphics 2009/02/05 v1.0o Standard LaTeX Graphics (DPC,SPQR)

(/usr/local/texlive/2011/texmf-dist/tex/latex/graphics/trig.sty
Package: trig 1999/03/16 v1.09 sin cos tan (DPC)
)
(/usr/local/texlive/2011/texmf-dist/tex/latex/latexconfig/graphics.cfg
File: graphics.cfg 2010/04/23 v1.9 graphics configuration of TeX Live
)
Package graphics Info: Driver file: pdftex.def on input line 91.

(/usr/local/texlive/2011/texmf-dist/tex/latex/pdftex-def/pdftex.def
File: pdftex.def 2011/05/27 v0.06d Graphics/color for pdfTeX

(/usr/local/texlive/2011/texmf-dist/tex/generic/oberdiek/infwarerr.sty
Package: infwarerr 2010/04/08 v1.3 Providing info/warning/message (HO)
)
(/usr/local/texlive/2011/texmf-dist/tex/generic/oberdiek/ltxcmds.sty
Package: ltxcmds 2011/04/18 v1.20 LaTeX kernel commands for general use (HO)
)
\Gread@gobject=\count87
))
\Gin@req@height=\dimen103
\Gin@req@width=\dimen104
)
(/usr/local/texlive/2011/texmf-dist/tex/latex/graphics/color.sty
Package: color 2005/11/14 v1.0j Standard LaTeX Color (DPC)

(/usr/local/texlive/2011/texmf-dist/tex/latex/latexconfig/color.cfg
File: color.cfg 2007/01/18 v1.5 color configuration of teTeX/TeXLive
)
Package color Info: Driver file: pdftex.def on input line 130.
)
(/usr/local/texlive/2011/texmf-dist/tex/latex/framed/framed.sty
Package: framed 2007/10/04 v 0.95: framed or shaded text with page breaks
\fb@frw=\dimen105
\fb@frh=\dimen106
\FrameRule=\dimen107
\FrameSep=\dimen108
)
(/usr/local/texlive/2011/texmf-dist/tex/latex/base/alltt.sty
Package: alltt 1997/06/16 v2.0g defines alltt environment
)
(/usr/local/texlive/2011/texmf-dist/tex/latex/geometry/geometry.sty
Package: geometry 2010/09/12 v5.6 Page Geometry

(/usr/local/texlive/2011/texmf-dist/tex/generic/oberdiek/ifpdf.sty
Package: ifpdf 2011/01/30 v2.3 Provides the ifpdf switch (HO)
Package ifpdf Info: pdfTeX in PDF mode is detected.
)
(/usr/local/texlive/2011/texmf-dist/tex/generic/oberdiek/ifvtex.sty
Package: ifvtex 2010/03/01 v1.5 Switches for detecting VTeX and its modes (HO)
Package ifvtex Info: VTeX not detected.
)
(/usr/local/texlive/2011/texmf-dist/tex/generic/ifxetex/ifxetex.sty
Package: ifxetex 2010/09/12 v0.6 Provides ifxetex conditional
)
\Gm@cnth=\count88
\Gm@cntv=\count89
\c@Gm@tempcnt=\count90
\Gm@bindingoffset=\dimen109
\Gm@wd@mp=\dimen110
\Gm@odd@mp=\dimen111
\Gm@even@mp=\dimen112
\Gm@layoutwidth=\dimen113
\Gm@layoutheight=\dimen114
\Gm@layouthoffset=\dimen115
\Gm@layoutvoffset=\dimen116
\Gm@dimlist=\toks15
)
(/usr/local/texlive/2011/texmf-dist/tex/latex/upquote/upquote.sty
Package: upquote 2003/08/11 v1.1 Covington's upright-quote modification to verb
atim and verb

(/usr/local/texlive/2011/texmf-dist/tex/latex/base/textcomp.sty
Package: textcomp 2005/09/27 v1.99g Standard LaTeX package
Package textcomp Info: Sub-encoding information:
(textcomp)               5 = only ISO-Adobe without \textcurrency
(textcomp)               4 = 5 + \texteuro
(textcomp)               3 = 4 + \textohm
(textcomp)               2 = 3 + \textestimated + \textcurrency
(textcomp)               1 = TS1 - \textcircled - \t
(textcomp)               0 = TS1 (full)
(textcomp)             Font families with sub-encoding setting implement
(textcomp)             only a restricted character set as indicated.
(textcomp)             Family '?' is the default used for unknown fonts.
(textcomp)             See the documentation for details.
Package textcomp Info: Setting ? sub-encoding to TS1/1 on input line 71.

(/usr/local/texlive/2011/texmf-dist/tex/latex/base/ts1enc.def
File: ts1enc.def 2001/06/05 v3.0e (jk/car/fm) Standard LaTeX file
)
LaTeX Info: Redefining \oldstylenums on input line 266.
Package textcomp Info: Setting cmr sub-encoding to TS1/0 on input line 281.
Package textcomp Info: Setting cmss sub-encoding to TS1/0 on input line 282.
Package textcomp Info: Setting cmtt sub-encoding to TS1/0 on input line 283.
Package textcomp Info: Setting cmvtt sub-encoding to TS1/0 on input line 284.
Package textcomp Info: Setting cmbr sub-encoding to TS1/0 on input line 285.
Package textcomp Info: Setting cmtl sub-encoding to TS1/0 on input line 286.
Package textcomp Info: Setting ccr sub-encoding to TS1/0 on input line 287.
Package textcomp Info: Setting ptm sub-encoding to TS1/4 on input line 288.
Package textcomp Info: Setting pcr sub-encoding to TS1/4 on input line 289.
Package textcomp Info: Setting phv sub-encoding to TS1/4 on input line 290.
Package textcomp Info: Setting ppl sub-encoding to TS1/3 on input line 291.
Package textcomp Info: Setting pag sub-encoding to TS1/4 on input line 292.
Package textcomp Info: Setting pbk sub-encoding to TS1/4 on input line 293.
Package textcomp Info: Setting pnc sub-encoding to TS1/4 on input line 294.
Package textcomp Info: Setting pzc sub-encoding to TS1/4 on input line 295.
Package textcomp Info: Setting bch sub-encoding to TS1/4 on input line 296.
Package textcomp Info: Setting put sub-encoding to TS1/5 on input line 297.
Package textcomp Info: Setting uag sub-encoding to TS1/5 on input line 298.
Package textcomp Info: Setting ugq sub-encoding to TS1/5 on input line 299.
Package textcomp Info: Setting ul8 sub-encoding to TS1/4 on input line 300.
Package textcomp Info: Setting ul9 sub-encoding to TS1/4 on input line 301.
Package textcomp Info: Setting augie sub-encoding to TS1/5 on input line 302.
Package textcomp Info: Setting dayrom sub-encoding to TS1/3 on input line 303.
Package textcomp Info: Setting dayroms sub-encoding to TS1/3 on input line 304.

Package textcomp Info: Setting pxr sub-encoding to TS1/0 on input line 305.
Package textcomp Info: Setting pxss sub-encoding to TS1/0 on input line 306.
Package textcomp Info: Setting pxtt sub-encoding to TS1/0 on input line 307.
Package textcomp Info: Setting txr sub-encoding to TS1/0 on input line 308.
Package textcomp Info: Setting txss sub-encoding to TS1/0 on input line 309.
Package textcomp Info: Setting txtt sub-encoding to TS1/0 on input line 310.
Package textcomp Info: Setting futs sub-encoding to TS1/4 on input line 311.
Package textcomp Info: Setting futx sub-encoding to TS1/4 on input line 312.
Package textcomp Info: Setting futj sub-encoding to TS1/4 on input line 313.
Package textcomp Info: Setting hlh sub-encoding to TS1/3 on input line 314.
Package textcomp Info: Setting hls sub-encoding to TS1/3 on input line 315.
Package textcomp Info: Setting hlst sub-encoding to TS1/3 on input line 316.
Package textcomp Info: Setting hlct sub-encoding to TS1/5 on input line 317.
Package textcomp Info: Setting hlx sub-encoding to TS1/5 on input line 318.
Package textcomp Info: Setting hlce sub-encoding to TS1/5 on input line 319.
Package textcomp Info: Setting hlcn sub-encoding to TS1/5 on input line 320.
Package textcomp Info: Setting hlcw sub-encoding to TS1/5 on input line 321.
Package textcomp Info: Setting hlcf sub-encoding to TS1/5 on input line 322.
Package textcomp Info: Setting pplx sub-encoding to TS1/3 on input line 323.
Package textcomp Info: Setting pplj sub-encoding to TS1/3 on input line 324.
Package textcomp Info: Setting ptmx sub-encoding to TS1/4 on input line 325.
Package textcomp Info: Setting ptmj sub-encoding to TS1/4 on input line 326.
))
(./HIVBackCalc_full_report.aux)
\openout1 = `HIVBackCalc_full_report.aux'.

LaTeX Font Info:    Checking defaults for OML/cmm/m/it on input line 55.
LaTeX Font Info:    ... okay on input line 55.
LaTeX Font Info:    Checking defaults for T1/cmr/m/n on input line 55.
LaTeX Font Info:    ... okay on input line 55.
LaTeX Font Info:    Checking defaults for OT1/cmr/m/n on input line 55.
LaTeX Font Info:    ... okay on input line 55.
LaTeX Font Info:    Checking defaults for OMS/cmsy/m/n on input line 55.
LaTeX Font Info:    ... okay on input line 55.
LaTeX Font Info:    Checking defaults for OMX/cmex/m/n on input line 55.
LaTeX Font Info:    ... okay on input line 55.
LaTeX Font Info:    Checking defaults for U/cmr/m/n on input line 55.
LaTeX Font Info:    ... okay on input line 55.
LaTeX Font Info:    Checking defaults for TS1/cmr/m/n on input line 55.
LaTeX Font Info:    Try loading font information for TS1+cmr on input line 55.

(/usr/local/texlive/2011/texmf-dist/tex/latex/base/ts1cmr.fd
File: ts1cmr.fd 1999/05/25 v2.5h Standard LaTeX font definitions
)
LaTeX Font Info:    ... okay on input line 55.

(/usr/local/texlive/2011/texmf-dist/tex/context/base/supp-pdf.mkii
[Loading MPS to PDF converter (version 2006.09.02).]
\scratchcounter=\count91
\scratchdimen=\dimen117
\scratchbox=\box26
\nofMPsegments=\count92
\nofMParguments=\count93
\everyMPshowfont=\toks16
\MPscratchCnt=\count94
\MPscratchDim=\dimen118
\MPnumerator=\count95
\makeMPintoPDFobject=\count96
\everyMPtoPDFconversion=\toks17
) (/usr/local/texlive/2011/texmf-dist/tex/generic/oberdiek/pdftexcmds.sty
Package: pdftexcmds 2011/04/22 v0.16 Utilities of pdfTeX for LuaTeX (HO)

(/usr/local/texlive/2011/texmf-dist/tex/generic/oberdiek/ifluatex.sty
Package: ifluatex 2010/03/01 v1.3 Provides the ifluatex switch (HO)
Package ifluatex Info: LuaTeX not detected.
)
Package pdftexcmds Info: LuaTeX not detected.
Package pdftexcmds Info: \pdf@primitive is available.
Package pdftexcmds Info: \pdf@ifprimitive is available.
Package pdftexcmds Info: \pdfdraftmode found.
)
(/usr/local/texlive/2011/texmf-dist/tex/latex/oberdiek/epstopdf-base.sty
Package: epstopdf-base 2010/02/09 v2.5 Base part for package epstopdf

(/usr/local/texlive/2011/texmf-dist/tex/latex/oberdiek/grfext.sty
Package: grfext 2010/08/19 v1.1 Managing graphics extensions (HO)

(/usr/local/texlive/2011/texmf-dist/tex/generic/oberdiek/kvdefinekeys.sty
Package: kvdefinekeys 2011/04/07 v1.3 Defining keys (HO)
))
(/usr/local/texlive/2011/texmf-dist/tex/latex/oberdiek/kvoptions.sty
Package: kvoptions 2010/12/23 v3.10 Keyval support for LaTeX options (HO)

(/usr/local/texlive/2011/texmf-dist/tex/generic/oberdiek/kvsetkeys.sty
Package: kvsetkeys 2011/04/07 v1.13 Key value parser (HO)

(/usr/local/texlive/2011/texmf-dist/tex/generic/oberdiek/etexcmds.sty
Package: etexcmds 2011/02/16 v1.5 Prefix for e-TeX command names (HO)
Package etexcmds Info: Could not find \expanded.
(etexcmds)             That can mean that you are not using pdfTeX 1.50 or
(etexcmds)             that some package has redefined \expanded.
(etexcmds)             In the latter case, load this package earlier.
)))
Package grfext Info: Graphics extension search list:
(grfext)             [.png,.pdf,.jpg,.mps,.jpeg,.jbig2,.jb2,.PNG,.PDF,.JPG,.JPE
G,.JBIG2,.JB2,.eps]
(grfext)             \AppendGraphicsExtensions on input line 452.

(/usr/local/texlive/2011/texmf-dist/tex/latex/latexconfig/epstopdf-sys.cfg
File: epstopdf-sys.cfg 2010/07/13 v1.3 Configuration of (r)epstopdf for TeX Liv
e
))
*geometry* driver: auto-detecting
*geometry* detected driver: pdftex

Package geometry Warning: The marginal notes overrun the paper.
     Add 4.86812pt and more to the right margin.

*geometry* verbose mode - [ preamble ] result:
* driver: pdftex
* paper: <default>
* layout: <same size as paper>
* layoutoffset:(h,v)=(0.0pt,0.0pt)
* modes: 
* h-part:(L,W,R)=(71.13188pt, 472.03123pt, 71.13188pt)
* v-part:(T,H,B)=(56.9055pt, 681.15898pt, 56.9055pt)
* \paperwidth=614.295pt
* \paperheight=794.96999pt
* \textwidth=472.03123pt
* \textheight=681.15898pt
* \oddsidemargin=-1.1381pt
* \evensidemargin=-1.1381pt
* \topmargin=-52.36449pt
* \headheight=12.0pt
* \headsep=25.0pt
* \topskip=10.0pt
* \footskip=30.0pt
* \marginparwidth=65.0pt
* \marginparsep=11.0pt
* \columnsep=10.0pt
* \skip\footins=9.0pt plus 4.0pt minus 2.0pt
* \hoffset=0.0pt
* \voffset=0.0pt
* \mag=1000
* \@twocolumnfalse
* \@twosidefalse
* \@mparswitchfalse
* \@reversemarginfalse
* (1in=72.27pt=25.4mm, 1cm=28.453pt)

LaTeX Font Info:    External font `cmex10' loaded for size
(Font)              <12> on input line 63.
LaTeX Font Info:    External font `cmex10' loaded for size
(Font)              <8> on input line 63.
LaTeX Font Info:    External font `cmex10' loaded for size
(Font)              <6> on input line 63.
LaTeX Font Info:    External font `cmex10' loaded for size
(Font)              <7> on input line 66.
LaTeX Font Info:    External font `cmex10' loaded for size
(Font)              <5> on input line 66.
<exclusion_diagram.png, id=1, 537.00626pt x 486.81876pt>
File: exclusion_diagram.png Graphic file (type png)

<use exclusion_diagram.png>
Package pdftex.def Info: exclusion_diagram.png used on input line 87.
(pdftex.def)             Requested size: 216.81pt x 196.54396pt.


LaTeX Warning: `!h' float specifier changed to `!ht'.

LaTeX Font Info:    External font `cmex10' loaded for size
(Font)              <9> on input line 108.

LaTeX Warning: `!h' float specifier changed to `!ht'.


LaTeX Warning: `!h' float specifier changed to `!ht'.

Package color Info: Redefining color shadecolor on input line 179.
<figure/minimal-plot_diagnoses.pdf, id=2, 361.35pt x 216.81pt>
File: figure/minimal-plot_diagnoses.pdf Graphic file (type pdf)

<use figure/minimal-plot_diagnoses.pdf>
Package pdftex.def Info: figure/minimal-plot_diagnoses.pdf used on input line 1
82.
(pdftex.def)             Requested size: 361.34912pt x 216.80946pt.
 [1

{/usr/local/texlive/2011/texmf-var/fonts/map/pdftex/updmap/pdftex.map}]

LaTeX Warning: `!h' float specifier changed to `!ht'.

Package color Info: Redefining color shadecolor on input line 195.
<figure/minimal-plot_time.pdf, id=17, 325.215pt x 252.945pt>
File: figure/minimal-plot_time.pdf Graphic file (type pdf)

<use figure/minimal-plot_time.pdf>
Package pdftex.def Info: figure/minimal-plot_time.pdf used on input line 198.
(pdftex.def)             Requested size: 325.2142pt x 252.96367pt.


LaTeX Warning: `!h' float specifier changed to `!ht'.

[2 <./exclusion_diagram.png>] [3 <./figure/minimal-plot_diagnoses.pdf>]
Package color Info: Redefining color shadecolor on input line 232.

<figure/minimal-plot_newfig1.pdf, id=32, 433.62pt x 216.81pt>
File: figure/minimal-plot_newfig1.pdf Graphic file (type pdf)

<use figure/minimal-plot_newfig1.pdf>
Package pdftex.def Info: figure/minimal-plot_newfig1.pdf used on input line 235
.
(pdftex.def)             Requested size: 433.61894pt x 216.81938pt.
 [4 <./figure/minimal-plot_time.pdf> <./figure/minimal-plot_newfig1.pdf>]
Package color Info: Redefining color shadecolor on input line 254.

<figure/minimal-results_plot.pdf, id=48, 433.62pt x 361.35pt>
File: figure/minimal-results_plot.pdf Graphic file (type pdf)

<use figure/minimal-results_plot.pdf>
Package pdftex.def Info: figure/minimal-results_plot.pdf used on input line 257
.
(pdftex.def)             Requested size: 433.61894pt x 361.36566pt.
 [5 <./figure/minimal-results_plot.pdf>]
Underfull \hbox (badness 10000) in paragraph at lines 338--338
[]\OT1/cmr/m/n/10 Base
 []


Underfull \hbox (badness 10000) in paragraph at lines 338--338
[]\OT1/cmr/m/n/10 Worst
 []


Underfull \hbox (badness 10000) in paragraph at lines 338--338
\OT1/cmr/m/n/10 Case
 []


Underfull \hbox (badness 10000) in paragraph at lines 338--338
[]\OT1/cmr/m/n/10 Worst
 []


Underfull \hbox (badness 10000) in paragraph at lines 338--338
\OT1/cmr/m/n/10 Case
 []


LaTeX Warning: `!h' float specifier changed to `!ht'.

[6]
Package color Info: Redefining color shadecolor on input line 366.
 <figure/minimal-plot_diagnoses_subgroup.pdf, id=64, 433.62pt x 289.08pt>
File: figure/minimal-plot_diagnoses_subgroup.pdf Graphic file (type pdf)

<use figure/minimal-plot_diagnoses_subgroup.pdf>
Package pdftex.def Info: figure/minimal-plot_diagnoses_subgroup.pdf used on inp
ut line 369.
(pdftex.def)             Requested size: 433.61894pt x 289.09251pt.
Package color Info: Redefining color shadecolor on input line 380.

<figure/minimal-plot_modetime.pdf, id=65, 433.62pt x 252.945pt>
File: figure/minimal-plot_modetime.pdf Graphic file (type pdf)

<use figure/minimal-plot_modetime.pdf>
Package pdftex.def Info: figure/minimal-plot_modetime.pdf used on input line 38
3.
(pdftex.def)             Requested size: 433.61894pt x 252.95595pt.


LaTeX Warning: `!h' float specifier changed to `!ht'.

Package color Info: Redefining color shadecolor on input line 395.
<figure/minimal-plot_racetime.pdf, id=66, 578.16pt x 289.08pt>
File: figure/minimal-plot_racetime.pdf Graphic file (type pdf)

<use figure/minimal-plot_racetime.pdf>
Package pdftex.def Info: figure/minimal-plot_racetime.pdf used on input line 39
8.
(pdftex.def)             Requested size: 472.03123pt x 236.01495pt.
Package color Info: Redefining color shadecolor on input line 414.

<figure/minimal-plot_modeTID.pdf, id=67, 361.35pt x 216.81pt>
File: figure/minimal-plot_modeTID.pdf Graphic file (type pdf)

<use figure/minimal-plot_modeTID.pdf>
Package pdftex.def Info: figure/minimal-plot_modeTID.pdf used on input line 417
.
(pdftex.def)             Requested size: 361.34912pt x 216.80946pt.
 [7 <./figure/minimal-plot_diagnoses_subgroup.pdf>]
Package color Info: Redefining color shadecolor on input line 429.
 <figure/minimal-plot_raceTID.pdf, id=78, 578.16pt x 289.08pt>
File: figure/minimal-plot_raceTID.pdf Graphic file (type pdf)

<use figure/minimal-plot_raceTID.pdf>
Package pdftex.def Info: figure/minimal-plot_raceTID.pdf used on input line 432
.
(pdftex.def)             Requested size: 472.03123pt x 236.01495pt.
Package color Info: Redefining color shadecolor on input line 526.


LaTeX Warning: No positions in optional float specifier.
               Default added (so using `tbp') on input line 526.

<figure/minimal-plot_subgroup_MSM.pdf, id=79, 433.62pt x 433.62pt>
File: figure/minimal-plot_subgroup_MSM.pdf Graphic file (type pdf)

<use figure/minimal-plot_subgroup_MSM.pdf>
Package pdftex.def Info: figure/minimal-plot_subgroup_MSM.pdf used on input lin
e 529.
(pdftex.def)             Requested size: 433.61894pt x 433.63878pt.
Package color Info: Redefining color shadecolor on input line 541.


LaTeX Warning: No positions in optional float specifier.
               Default added (so using `tbp') on input line 541.

<figure/minimal-plot_subgroup_Hetero.pdf, id=80, 433.62pt x 433.62pt>
File: figure/minimal-plot_subgroup_Hetero.pdf Graphic file (type pdf)

<use figure/minimal-plot_subgroup_Hetero.pdf>
Package pdftex.def Info: figure/minimal-plot_subgroup_Hetero.pdf used on input 
line 544.
(pdftex.def)             Requested size: 433.61894pt x 433.63878pt.
Package color Info: Redefining color shadecolor on input line 556.


LaTeX Warning: No positions in optional float specifier.
               Default added (so using `tbp') on input line 556.

<figure/minimal-plot_subgroup_White.pdf, id=81, 433.62pt x 433.62pt>
File: figure/minimal-plot_subgroup_White.pdf Graphic file (type pdf)

<use figure/minimal-plot_subgroup_White.pdf>
Package pdftex.def Info: figure/minimal-plot_subgroup_White.pdf used on input l
ine 559.
(pdftex.def)             Requested size: 433.61894pt x 433.63878pt.
Package color Info: Redefining color shadecolor on input line 571.


LaTeX Warning: No positions in optional float specifier.
               Default added (so using `tbp') on input line 571.

<figure/minimal-plot_subgroup_Black.pdf, id=82, 433.62pt x 433.62pt>
File: figure/minimal-plot_subgroup_Black.pdf Graphic file (type pdf)

<use figure/minimal-plot_subgroup_Black.pdf>
Package pdftex.def Info: figure/minimal-plot_subgroup_Black.pdf used on input l
ine 574.
(pdftex.def)             Requested size: 433.61894pt x 433.63878pt.
Package color Info: Redefining color shadecolor on input line 586.


LaTeX Warning: No positions in optional float specifier.
               Default added (so using `tbp') on input line 586.

<figure/minimal-plot_subgroup_Hisp.pdf, id=83, 433.62pt x 433.62pt>
File: figure/minimal-plot_subgroup_Hisp.pdf Graphic file (type pdf)

<use figure/minimal-plot_subgroup_Hisp.pdf>
Package pdftex.def Info: figure/minimal-plot_subgroup_Hisp.pdf used on input li
ne 589.
(pdftex.def)             Requested size: 433.61894pt x 433.63878pt.
Package color Info: Redefining color shadecolor on input line 601.


LaTeX Warning: No positions in optional float specifier.
               Default added (so using `tbp') on input line 601.

<figure/minimal-plot_subgroup_Native.pdf, id=84, 433.62pt x 433.62pt>
File: figure/minimal-plot_subgroup_Native.pdf Graphic file (type pdf)

<use figure/minimal-plot_subgroup_Native.pdf>
Package pdftex.def Info: figure/minimal-plot_subgroup_Native.pdf used on input 
line 604.
(pdftex.def)             Requested size: 433.61894pt x 433.63878pt.
Package color Info: Redefining color shadecolor on input line 616.


LaTeX Warning: No positions in optional float specifier.
               Default added (so using `tbp') on input line 616.

<figure/minimal-plot_subgroup_Asian.pdf, id=85, 433.62pt x 433.62pt>
File: figure/minimal-plot_subgroup_Asian.pdf Graphic file (type pdf)

<use figure/minimal-plot_subgroup_Asian.pdf>
Package pdftex.def Info: figure/minimal-plot_subgroup_Asian.pdf used on input l
ine 619.
(pdftex.def)             Requested size: 433.61894pt x 433.63878pt.
Package color Info: Redefining color shadecolor on input line 631.


LaTeX Warning: No positions in optional float specifier.
               Default added (so using `tbp') on input line 631.

<figure/minimal-plot_subgroup_Multi.pdf, id=86, 433.62pt x 433.62pt>
File: figure/minimal-plot_subgroup_Multi.pdf Graphic file (type pdf)

<use figure/minimal-plot_subgroup_Multi.pdf>
Package pdftex.def Info: figure/minimal-plot_subgroup_Multi.pdf used on input l
ine 634.
(pdftex.def)             Requested size: 433.61894pt x 433.63878pt.
 [8 <./figure/minimal-plot_modetime.pdf>] [9 <./figure/minimal-plot_racetime.pd
f> <./figure/minimal-plot_modeTID.pdf>] [10 <./figure/minimal-plot_raceTID.pdf>
] [11] [12 <./figure/minimal-plot_subgroup_MSM.pdf>] [13 <./figure/minimal-plot
_subgroup_Hetero.pdf>] [14 <./figure/minimal-plot_subgroup_White.pdf>] [15 <./f
igure/minimal-plot_subgroup_Black.pdf>] [16 <./figure/minimal-plot_subgroup_His
p.pdf>] [17 <./figure/minimal-plot_subgroup_Native.pdf>] [18 <./figure/minimal-
plot_subgroup_Asian.pdf>] [19 <./figure/minimal-plot_subgroup_Multi.pdf>] (./HI
VBackCalc_full_report.aux) ) 
Here is how much of TeX's memory you used:
 2630 strings out of 493633
 40996 string characters out of 3143378
 117749 words of memory out of 3000000
 5883 multiletter control sequences out of 15000+200000
 9159 words of font info for 32 fonts, out of 3000000 for 9000
 831 hyphenation exceptions out of 8191
 38i,11n,23p,945b,300s stack positions out of 5000i,500n,10000p,200000b,50000s
</usr/local/texlive/2011/texmf-dist/fonts/type1/pub
lic/amsfonts/cm/cmbx10.pfb></usr/local/texlive/2011/texmf-dist/fonts/type1/publ
ic/amsfonts/cm/cmbx12.pfb></usr/local/texlive/2011/texmf-dist/fonts/type1/publi
c/amsfonts/cm/cmr10.pfb></usr/local/texlive/2011/texmf-dist/fonts/type1/public/
amsfonts/cm/cmr12.pfb></usr/local/texlive/2011/texmf-dist/fonts/type1/public/am
sfonts/cm/cmr17.pfb></usr/local/texlive/2011/texmf-dist/fonts/type1/public/amsf
onts/cm/cmr6.pfb></usr/local/texlive/2011/texmf-dist/fonts/type1/public/amsfont
s/cm/cmr7.pfb></usr/local/texlive/2011/texmf-dist/fonts/type1/public/amsfonts/c
m/cmr8.pfb></usr/local/texlive/2011/texmf-dist/fonts/type1/public/amsfonts/cm/c
mr9.pfb></usr/local/texlive/2011/texmf-dist/fonts/type1/public/amsfonts/cm/cmsy
9.pfb></usr/local/texlive/2011/texmf-dist/fonts/type1/public/amsfonts/cm/cmti8.
pfb>
Output written on HIVBackCalc_full_report.pdf (19 pages, 369613 bytes).
PDF statistics:
 258 PDF objects out of 1000 (max. 8388607)
 189 compressed objects within 2 object streams
 0 named destinations out of 1000 (max. 500000)
 91 words of extra memory for PDF output out of 10000 (max. 10000000)

